Build started 11/22/2012 11:40:18 PM.
     1>Project "c:\Users\feiXIE\documents\visual studio 2010\Projects\Assignment3\Assignment3\Assignment3.vcxproj" on node 2 (build target(s)).
     1>PrepareForBuild:
         Creating directory "c:\users\feixie\documents\visual studio 2010\Projects\Assignment3\Debug\".
       InitializeBuildStatus:
         Creating "Debug\Assignment3.unsuccessfulbuild" because "AlwaysCreate" was specified.
       ClCompile:
         E:\visual studio\VC\bin\CL.exe /c /ZI /nologo /W3 /WX- /Od /Oy- /D WIN32 /D _DEBUG /D _CONSOLE /D _UNICODE /D UNICODE /Gm /EHsc /RTC1 /MDd /GS /fp:precise /Zc:wchar_t /Zc:forScope /Yc"StdAfx.h" /Fp"Debug\Assignment3.pch" /Fo"Debug\\" /Fd"Debug\vc100.pdb" /Gd /TP /analyze- /errorReport:prompt stdafx.cpp
         stdafx.cpp
         E:\visual studio\VC\bin\CL.exe /c /ZI /nologo /W3 /WX- /Od /Oy- /D WIN32 /D _DEBUG /D _CONSOLE /D _UNICODE /D UNICODE /Gm /EHsc /RTC1 /MDd /GS /fp:precise /Zc:wchar_t /Zc:forScope /Yu"StdAfx.h" /Fp"Debug\Assignment3.pch" /Fo"Debug\\" /Fd"Debug\vc100.pdb" /Gd /TP /analyze- /errorReport:prompt Assignment3.cpp
         Assignment3.cpp
       ManifestResourceCompile:
         C:\Program Files (x86)\Microsoft SDKs\Windows\v7.0A\bin\rc.exe /nologo /fo"Debug\Assignment3.exe.embed.manifest.res" Debug\Assignment3_manifest.rc 
       Link:
         E:\visual studio\VC\bin\link.exe /ERRORREPORT:PROMPT /OUT:"c:\users\feixie\documents\visual studio 2010\Projects\Assignment3\Debug\Assignment3.exe" /INCREMENTAL /NOLOGO kernel32.lib user32.lib gdi32.lib winspool.lib comdlg32.lib advapi32.lib shell32.lib ole32.lib oleaut32.lib uuid.lib odbc32.lib odbccp32.lib /MANIFEST /ManifestFile:"Debug\Assignment3.exe.intermediate.manifest" /MANIFESTUAC:"level='asInvoker' uiAccess='false'" /DEBUG /PDB:"c:\users\feixie\documents\visual studio 2010\Projects\Assignment3\Debug\Assignment3.pdb" /SUBSYSTEM:CONSOLE /TLBID:1 /DYNAMICBASE /NXCOMPAT /IMPLIB:"c:\users\feixie\documents\visual studio 2010\Projects\Assignment3\Debug\Assignment3.lib" /MACHINE:X86 Debug\Assignment3.exe.embed.manifest.res
         Debug\Assignment3.obj
         Debug\stdafx.obj
       Manifest:
         C:\Program Files (x86)\Microsoft SDKs\Windows\v7.0A\bin\mt.exe /nologo /verbose /out:"Debug\Assignment3.exe.embed.manifest" /manifest Debug\Assignment3.exe.intermediate.manifest
         C:\Program Files (x86)\Microsoft SDKs\Windows\v7.0A\bin\rc.exe /nologo /fo"Debug\Assignment3.exe.embed.manifest.res" Debug\Assignment3_manifest.rc 
       LinkEmbedManifest:
         E:\visual studio\VC\bin\link.exe /ERRORREPORT:PROMPT /OUT:"c:\users\feixie\documents\visual studio 2010\Projects\Assignment3\Debug\Assignment3.exe" /INCREMENTAL /NOLOGO kernel32.lib user32.lib gdi32.lib winspool.lib comdlg32.lib advapi32.lib shell32.lib ole32.lib oleaut32.lib uuid.lib odbc32.lib odbccp32.lib /MANIFEST /ManifestFile:"Debug\Assignment3.exe.intermediate.manifest" /MANIFESTUAC:"level='asInvoker' uiAccess='false'" /DEBUG /PDB:"c:\users\feixie\documents\visual studio 2010\Projects\Assignment3\Debug\Assignment3.pdb" /SUBSYSTEM:CONSOLE /TLBID:1 /DYNAMICBASE /NXCOMPAT /IMPLIB:"c:\users\feixie\documents\visual studio 2010\Projects\Assignment3\Debug\Assignment3.lib" /MACHINE:X86 Debug\Assignment3.exe.embed.manifest.res
         Debug\Assignment3.obj
         Debug\stdafx.obj
         Assignment3.vcxproj -> c:\users\feixie\documents\visual studio 2010\Projects\Assignment3\Debug\Assignment3.exe
       FinalizeBuildStatus:
         Deleting file "Debug\Assignment3.unsuccessfulbuild".
         Touching "Debug\Assignment3.lastbuildstate".
     1>Done Building Project "c:\Users\feiXIE\documents\visual studio 2010\Projects\Assignment3\Assignment3\Assignment3.vcxproj" (build target(s)).

Build succeeded.

Time Elapsed 00:00:06.82
